flex version 2.5.35 usage statistics:
  scanner options: -dpsvI8 -Cem -oyylex.cc
  294/2000 NFA states
  113/1000 DFA states (595 words)
  50 rules
  Compressed tables always back-up
  1/40 start conditions
  166 epsilon states, 70 double epsilon states
  19/100 character classes needed 280/500 words of storage, 0 reused
  1889 state/nextstate pairs created
  288/1601 unique/duplicate transitions
  122/1000 base-def entries created
  200/2000 (peak 486) nxt-chk entries created
  27/2500 (peak 414) template nxt-chk entries created
  0 empty table entries
  9 protos created
  9 templates created, 74 uses
  46/256 equivalence classes created
  3/256 meta-equivalence classes created
  0 (1 saved) hash collisions, 178 DFAs equal
  0 sets of reallocations needed
  946 total table entries needed
