astree.o:
     $Id: auxlib.h,v 1.1 2015-04-26 20:23:14-07 - - $
     $Id: astree.h,v 1.1 2015-04-26 20:23:14-07 - - $
     $Id: lyutils.h,v 1.2 2015-04-26 21:22:46-07 - - $
     $Id: astree.cpp,v 1.1 2015-04-26 20:23:14-07 - - $
     $Compiled: astree.cpp Apr 27 2015 20:23:11 $

emit.o:
     $Id: auxlib.h,v 1.1 2015-04-26 20:23:14-07 - - $
     $Id: astree.h,v 1.1 2015-04-26 20:23:14-07 - - $
     $Id: emit.h,v 1.1 2015-04-26 21:18:08-07 - - $
     $Id: lyutils.h,v 1.2 2015-04-26 21:22:46-07 - - $
     $Id: emit.cpp,v 1.2 2015-04-26 22:18:08-07 - - $
     $Compiled: emit.cpp Apr 27 2015 20:23:11 $

lyutils.o:
     $Id: auxlib.h,v 1.1 2015-04-26 20:23:14-07 - - $
     $Id: astree.h,v 1.1 2015-04-26 20:23:14-07 - - $
     $Id: lyutils.h,v 1.2 2015-04-26 21:22:46-07 - - $
     $Id: lyutils.cpp,v 1.3 2015-04-26 22:18:08-07 - - $
     $Compiled: lyutils.cpp Apr 27 2015 20:24:22 $

auxlib.o:
     $Id: auxlib.h,v 1.1 2015-04-26 20:23:14-07 - - $
     $Id: auxlib.cpp,v 1.1 2015-04-26 20:23:14-07 - - $
     $Compiled: auxlib.cpp Apr 27 2015 20:23:12 $

stringset.o:

cppstrtok.o:
     $Id: auxlib.h,v 1.1 2015-04-26 20:23:14-07 - - $
     $Id: astree.h,v 1.1 2015-04-26 20:23:14-07 - - $
     $Id: lyutils.h,v 1.2 2015-04-26 21:22:46-07 - - $

yylex.o:
     $Id: auxlib.h,v 1.1 2015-04-26 20:23:14-07 - - $
     $Id: astree.h,v 1.1 2015-04-26 20:23:14-07 - - $
     $Id: lyutils.h,v 1.2 2015-04-26 21:22:46-07 - - $
     $Id: scanner.l,v 1.2 2015-04-26 22:18:08-07 - - $
     $Compiled: scanner.l Apr 27 2015 20:23:13 $

yyparse.o:
     $Id: auxlib.h,v 1.1 2015-04-26 20:23:14-07 - - $
     $Id: astree.h,v 1.1 2015-04-26 20:23:14-07 - - $
     $Id: lyutils.h,v 1.2 2015-04-26 21:22:46-07 - - $

oc:
     $Id: auxlib.h,v 1.1 2015-04-26 20:23:14-07 - - $
     $Id: astree.h,v 1.1 2015-04-26 20:23:14-07 - - $
     $Id: lyutils.h,v 1.2 2015-04-26 21:22:46-07 - - $
     $Id: astree.cpp,v 1.1 2015-04-26 20:23:14-07 - - $
     $Compiled: astree.cpp Apr 27 2015 20:23:11 $
     $Id: auxlib.h,v 1.1 2015-04-26 20:23:14-07 - - $
     $Id: astree.h,v 1.1 2015-04-26 20:23:14-07 - - $
     $Id: emit.h,v 1.1 2015-04-26 21:18:08-07 - - $
     $Id: lyutils.h,v 1.2 2015-04-26 21:22:46-07 - - $
     $Id: emit.cpp,v 1.2 2015-04-26 22:18:08-07 - - $
     $Compiled: emit.cpp Apr 27 2015 20:23:11 $
     $Id: auxlib.h,v 1.1 2015-04-26 20:23:14-07 - - $
     $Id: astree.h,v 1.1 2015-04-26 20:23:14-07 - - $
     $Id: lyutils.h,v 1.2 2015-04-26 21:22:46-07 - - $
     $Id: lyutils.cpp,v 1.3 2015-04-26 22:18:08-07 - - $
     $Compiled: lyutils.cpp Apr 27 2015 20:24:22 $
     $Id: auxlib.h,v 1.1 2015-04-26 20:23:14-07 - - $
     $Id: auxlib.cpp,v 1.1 2015-04-26 20:23:14-07 - - $
     $Compiled: auxlib.cpp Apr 27 2015 20:23:12 $
     $Id: auxlib.h,v 1.1 2015-04-26 20:23:14-07 - - $
     $Id: astree.h,v 1.1 2015-04-26 20:23:14-07 - - $
     $Id: lyutils.h,v 1.2 2015-04-26 21:22:46-07 - - $
     $Id: auxlib.h,v 1.1 2015-04-26 20:23:14-07 - - $
     $Id: astree.h,v 1.1 2015-04-26 20:23:14-07 - - $
     $Id: lyutils.h,v 1.2 2015-04-26 21:22:46-07 - - $
     $Id: scanner.l,v 1.2 2015-04-26 22:18:08-07 - - $
     $Compiled: scanner.l Apr 27 2015 20:23:13 $
     $Id: auxlib.h,v 1.1 2015-04-26 20:23:14-07 - - $
     $Id: astree.h,v 1.1 2015-04-26 20:23:14-07 - - $
     $Id: lyutils.h,v 1.2 2015-04-26 21:22:46-07 - - $
