flex version 2.5.35 usage statistics:
  scanner options: -dsvI8 -Cem -oyylex.cpp
  285/2000 NFA states
  109/1000 DFA states (604 words)
  48 rules
  Compressed tables always back-up
  1/40 start conditions
  157 epsilon states, 75 double epsilon states
  22/100 character classes needed 215/500 words of storage, 0 reused
  1717 state/nextstate pairs created
  282/1435 unique/duplicate transitions
  114/1000 base-def entries created
  209/2000 (peak 309) nxt-chk entries created
  20/2500 (peak 235) template nxt-chk entries created
  0 empty table entries
  5 protos created
  5 templates created, 66 uses
  47/256 equivalence classes created
  4/256 meta-equivalence classes created
  0 (0 saved) hash collisions, 176 DFAs equal
  0 sets of reallocations needed
  949 total table entries needed
