Terminals unused in grammar

   ROOT
   TOK_VOID
   TOK_BOOL
   TOK_CHAR
   TOK_INT
   TOK_STRING
   TOK_IF
   TOK_ELSE
   TOK_WHILE
   TOK_RETURN
   TOK_STRUCT
   TOK_FALSE
   TOK_TRUE
   TOK_NULL
   TOK_NEW
   TOK_ARRAY
   TOK_EQ
   TOK_NE
   TOK_LT
   TOK_LE
   TOK_GT
   TOK_GE
   TOK_IDENT
   TOK_INTCON
   TOK_CHARCON
   TOK_STRINGCON
   TOK_BLOCK
   TOK_CALL
   TOK_IFELSE
   TOK_INITDECL
   TOK_POS
   TOK_NEG
   TOK_NEWARRAY
   TOK_TYPEID
   TOK_FIELD
   TOK_ORD
   TOK_CHR
   TOK_ROOT


Grammar

    0 $accept: program $end

    1 program: stmtseq

    2 stmtseq: stmtseq expr ';'
    3        | stmtseq error ';'
    4        | stmtseq ';'
    5        | /* empty */

    6 expr: expr '=' expr
    7     | expr '+' expr
    8     | expr '-' expr
    9     | expr '*' expr
   10     | expr '/' expr
   11     | expr '^' expr
   12     | '+' expr
   13     | '-' expr
   14     | '(' expr ')'
   15     | IDENT
   16     | NUMBER


Terminals, with rules where they appear

$end (0) 0
'(' (40) 14
')' (41) 14
'*' (42) 9
'+' (43) 7 12
'-' (45) 8 13
'/' (47) 10
';' (59) 2 3 4
'=' (61) 6
'^' (94) 11
error (256) 3
ROOT (258)
IDENT (259) 15
NUMBER (260) 16
TOK_VOID (261)
TOK_BOOL (262)
TOK_CHAR (263)
TOK_INT (264)
TOK_STRING (265)
TOK_IF (266)
TOK_ELSE (267)
TOK_WHILE (268)
TOK_RETURN (269)
TOK_STRUCT (270)
TOK_FALSE (271)
TOK_TRUE (272)
TOK_NULL (273)
TOK_NEW (274)
TOK_ARRAY (275)
TOK_EQ (276)
TOK_NE (277)
TOK_LT (278)
TOK_LE (279)
TOK_GT (280)
TOK_GE (281)
TOK_IDENT (282)
TOK_INTCON (283)
TOK_CHARCON (284)
TOK_STRINGCON (285)
TOK_BLOCK (286)
TOK_CALL (287)
TOK_IFELSE (288)
TOK_INITDECL (289)
TOK_POS (290)
TOK_NEG (291)
TOK_NEWARRAY (292)
TOK_TYPEID (293)
TOK_FIELD (294)
TOK_ORD (295)
TOK_CHR (296)
TOK_ROOT (297)
NEG (298)
POS (299)


Nonterminals, with rules where they appear

$accept (54)
    on left: 0
program (55)
    on left: 1, on right: 0
stmtseq (56)
    on left: 2 3 4 5, on right: 1 2 3 4
expr (57)
    on left: 6 7 8 9 10 11 12 13 14 15 16, on right: 2 6 7 8 9 10 11
    12 13 14


state 0

    0 $accept: . program $end

    $default  reduce using rule 5 (stmtseq)

    program  go to state 1
    stmtseq  go to state 2


state 1

    0 $accept: program . $end

    $end  shift, and go to state 3


state 2

    1 program: stmtseq .
    2 stmtseq: stmtseq . expr ';'
    3        | stmtseq . error ';'
    4        | stmtseq . ';'

    error   shift, and go to state 4
    IDENT   shift, and go to state 5
    NUMBER  shift, and go to state 6
    '+'     shift, and go to state 7
    '-'     shift, and go to state 8
    ';'     shift, and go to state 9
    '('     shift, and go to state 10

    $end  reduce using rule 1 (program)

    expr  go to state 11


state 3

    0 $accept: program $end .

    $default  accept


state 4

    3 stmtseq: stmtseq error . ';'

    ';'  shift, and go to state 12


state 5

   15 expr: IDENT .

    $default  reduce using rule 15 (expr)


state 6

   16 expr: NUMBER .

    $default  reduce using rule 16 (expr)


state 7

   12 expr: '+' . expr

    IDENT   shift, and go to state 5
    NUMBER  shift, and go to state 6
    '+'     shift, and go to state 7
    '-'     shift, and go to state 8
    '('     shift, and go to state 10

    expr  go to state 13


state 8

   13 expr: '-' . expr

    IDENT   shift, and go to state 5
    NUMBER  shift, and go to state 6
    '+'     shift, and go to state 7
    '-'     shift, and go to state 8
    '('     shift, and go to state 10

    expr  go to state 14


state 9

    4 stmtseq: stmtseq ';' .

    $default  reduce using rule 4 (stmtseq)


state 10

   14 expr: '(' . expr ')'

    IDENT   shift, and go to state 5
    NUMBER  shift, and go to state 6
    '+'     shift, and go to state 7
    '-'     shift, and go to state 8
    '('     shift, and go to state 10

    expr  go to state 15


state 11

    2 stmtseq: stmtseq expr . ';'
    6 expr: expr . '=' expr
    7     | expr . '+' expr
    8     | expr . '-' expr
    9     | expr . '*' expr
   10     | expr . '/' expr
   11     | expr . '^' expr

    '='  shift, and go to state 16
    '+'  shift, and go to state 17
    '-'  shift, and go to state 18
    '*'  shift, and go to state 19
    '/'  shift, and go to state 20
    '^'  shift, and go to state 21
    ';'  shift, and go to state 22


state 12

    3 stmtseq: stmtseq error ';' .

    $default  reduce using rule 3 (stmtseq)


state 13

    6 expr: expr . '=' expr
    7     | expr . '+' expr
    8     | expr . '-' expr
    9     | expr . '*' expr
   10     | expr . '/' expr
   11     | expr . '^' expr
   12     | '+' expr .

    $default  reduce using rule 12 (expr)


state 14

    6 expr: expr . '=' expr
    7     | expr . '+' expr
    8     | expr . '-' expr
    9     | expr . '*' expr
   10     | expr . '/' expr
   11     | expr . '^' expr
   13     | '-' expr .

    $default  reduce using rule 13 (expr)


state 15

    6 expr: expr . '=' expr
    7     | expr . '+' expr
    8     | expr . '-' expr
    9     | expr . '*' expr
   10     | expr . '/' expr
   11     | expr . '^' expr
   14     | '(' expr . ')'

    '='  shift, and go to state 16
    '+'  shift, and go to state 17
    '-'  shift, and go to state 18
    '*'  shift, and go to state 19
    '/'  shift, and go to state 20
    '^'  shift, and go to state 21
    ')'  shift, and go to state 23


state 16

    6 expr: expr '=' . expr

    IDENT   shift, and go to state 5
    NUMBER  shift, and go to state 6
    '+'     shift, and go to state 7
    '-'     shift, and go to state 8
    '('     shift, and go to state 10

    expr  go to state 24


state 17

    7 expr: expr '+' . expr

    IDENT   shift, and go to state 5
    NUMBER  shift, and go to state 6
    '+'     shift, and go to state 7
    '-'     shift, and go to state 8
    '('     shift, and go to state 10

    expr  go to state 25


state 18

    8 expr: expr '-' . expr

    IDENT   shift, and go to state 5
    NUMBER  shift, and go to state 6
    '+'     shift, and go to state 7
    '-'     shift, and go to state 8
    '('     shift, and go to state 10

    expr  go to state 26


state 19

    9 expr: expr '*' . expr

    IDENT   shift, and go to state 5
    NUMBER  shift, and go to state 6
    '+'     shift, and go to state 7
    '-'     shift, and go to state 8
    '('     shift, and go to state 10

    expr  go to state 27


state 20

   10 expr: expr '/' . expr

    IDENT   shift, and go to state 5
    NUMBER  shift, and go to state 6
    '+'     shift, and go to state 7
    '-'     shift, and go to state 8
    '('     shift, and go to state 10

    expr  go to state 28


state 21

   11 expr: expr '^' . expr

    IDENT   shift, and go to state 5
    NUMBER  shift, and go to state 6
    '+'     shift, and go to state 7
    '-'     shift, and go to state 8
    '('     shift, and go to state 10

    expr  go to state 29


state 22

    2 stmtseq: stmtseq expr ';' .

    $default  reduce using rule 2 (stmtseq)


state 23

   14 expr: '(' expr ')' .

    $default  reduce using rule 14 (expr)


state 24

    6 expr: expr . '=' expr
    6     | expr '=' expr .
    7     | expr . '+' expr
    8     | expr . '-' expr
    9     | expr . '*' expr
   10     | expr . '/' expr
   11     | expr . '^' expr

    '='  shift, and go to state 16
    '+'  shift, and go to state 17
    '-'  shift, and go to state 18
    '*'  shift, and go to state 19
    '/'  shift, and go to state 20
    '^'  shift, and go to state 21

    $default  reduce using rule 6 (expr)


state 25

    6 expr: expr . '=' expr
    7     | expr . '+' expr
    7     | expr '+' expr .
    8     | expr . '-' expr
    9     | expr . '*' expr
   10     | expr . '/' expr
   11     | expr . '^' expr

    '*'  shift, and go to state 19
    '/'  shift, and go to state 20
    '^'  shift, and go to state 21

    $default  reduce using rule 7 (expr)


state 26

    6 expr: expr . '=' expr
    7     | expr . '+' expr
    8     | expr . '-' expr
    8     | expr '-' expr .
    9     | expr . '*' expr
   10     | expr . '/' expr
   11     | expr . '^' expr

    '*'  shift, and go to state 19
    '/'  shift, and go to state 20
    '^'  shift, and go to state 21

    $default  reduce using rule 8 (expr)


state 27

    6 expr: expr . '=' expr
    7     | expr . '+' expr
    8     | expr . '-' expr
    9     | expr . '*' expr
    9     | expr '*' expr .
   10     | expr . '/' expr
   11     | expr . '^' expr

    '^'  shift, and go to state 21

    $default  reduce using rule 9 (expr)


state 28

    6 expr: expr . '=' expr
    7     | expr . '+' expr
    8     | expr . '-' expr
    9     | expr . '*' expr
   10     | expr . '/' expr
   10     | expr '/' expr .
   11     | expr . '^' expr

    '^'  shift, and go to state 21

    $default  reduce using rule 10 (expr)


state 29

    6 expr: expr . '=' expr
    7     | expr . '+' expr
    8     | expr . '-' expr
    9     | expr . '*' expr
   10     | expr . '/' expr
   11     | expr . '^' expr
   11     | expr '^' expr .

    '^'  shift, and go to state 21

    $default  reduce using rule 11 (expr)
